{"timestamp":"2025-11-15T14:00:00.000Z","action":"startup_credentials_loaded","actor":"payments-api","resource":"pagos/providers/bancosur/api_key","backend":"vault","result":"success","metadata":{"attempt":1,"startup":true}}
{"timestamp":"2025-11-15T14:00:01.000Z","action":"startup_credentials_loaded","actor":"webhooks-service","resource":"pagos/providers/walletpro/webhook_secret","backend":"vault","result":"success","metadata":{"attempt":1,"startup":true}}
{"timestamp":"2025-11-15T14:05:00.000Z","action":"secret_read","actor":"payments-api","resource":"pagos/providers/bancosur/api_key","backend":"vault","result":"success","metadata":{"check":"health"}}
{"timestamp":"2025-11-15T14:05:01.000Z","action":"secret_read","actor":"webhooks-service","resource":"pagos/providers/walletpro/webhook_secret","backend":"vault","result":"success","metadata":{"check":"health"}}
{"timestamp":"2025-11-15T14:10:00.000Z","action":"payment_processed","actor":"payments-api","resource":"pagos/providers/bancosur/api_key","backend":"vault","result":"success","metadata":{"amount":150.00}}
{"timestamp":"2025-11-15T14:15:00.000Z","action":"webhook_validation","actor":"webhooks-service","resource":"pagos/providers/walletpro/webhook_secret","backend":"vault","result":"success","metadata":{"reason":"current"}}
{"timestamp":"2025-11-15T14:30:00.000Z","action":"rotation_started","actor":"rotation-agent","resource":"pagos/providers/bancosur","backend":"vault","result":"success","metadata":{"old_key_prefix":"bsur_a1b2...","path":"pagos/providers/bancosur/api_key"}}
{"timestamp":"2025-11-15T14:30:02.000Z","action":"key_rotated","actor":"mock-provider","resource":"provider/bancosur","backend":"mock-provider","result":"success","metadata":{"dual_window_seconds":60,"new_key_prefix":"bsur_c3d4..."}}
{"timestamp":"2025-11-15T14:30:03.000Z","action":"secret_read","actor":"rotation-agent","resource":"pagos/providers/bancosur/api_key","backend":"vault","result":"success","metadata":{"trigger":"reload_credentials"}}
{"timestamp":"2025-11-15T14:30:05.000Z","action":"secret_read","actor":"payments-api","resource":"pagos/providers/bancosur/api_key","backend":"vault","result":"success","metadata":{"trigger":"reload_credentials"}}
{"timestamp":"2025-11-15T14:31:05.000Z","action":"previous_key_revoked","actor":"mock-provider","resource":"provider/bancosur","backend":"mock-provider","result":"success","metadata":{}}
{"timestamp":"2025-11-15T14:31:06.000Z","action":"previous_key_cleared","actor":"payments-api","resource":"pagos/providers/bancosur/api_key","backend":"vault","result":"success","metadata":{}}
{"timestamp":"2025-11-15T14:31:07.000Z","action":"rotation_complete","actor":"rotation-agent","resource":"pagos/providers/bancosur","backend":"vault","result":"success","metadata":{"new_key_prefix":"bsur_c3d4...","path":"pagos/providers/bancosur/api_key"}}
{"timestamp":"2025-11-15T15:00:00.000Z","action":"rotation_started","actor":"rotation-agent","resource":"pagos/providers/walletpro","backend":"vault","result":"success","metadata":{"old_key_prefix":"wpro_e5f6...","path":"pagos/providers/walletpro/api_key"}}
{"timestamp":"2025-11-15T15:00:03.000Z","action":"key_rotated","actor":"mock-provider","resource":"provider/walletpro","backend":"mock-provider","result":"success","metadata":{"dual_window_seconds":60,"new_key_prefix":"wpro_g7h8..."}}
{"timestamp":"2025-11-15T15:00:35.000Z","action":"rotation_preflight_failed","actor":"rotation-agent","resource":"pagos/providers/walletpro","backend":"vault","result":"failure","metadata":{"error":"Health check timeout","path":"pagos/providers/walletpro/api_key"}}
{"timestamp":"2025-11-15T15:00:36.000Z","action":"rotation_rollback_started","actor":"rotation-agent","resource":"pagos/providers/walletpro","backend":"vault","result":"failure","metadata":{"reason":"health_check_failed"}}
{"timestamp":"2025-11-15T15:00:38.000Z","action":"rotation_failed_rollback","actor":"rotation-agent","resource":"pagos/providers/walletpro","backend":"vault","result":"success","metadata":{"rollback_result":"success"}}
{"timestamp":"2025-11-15T16:45:00.000Z","action":"break_glass_activated","actor":"alice.smith","resource":"vault/*","backend":"vault","result":"initiated","metadata":{"incident_ticket":"INC-2025-047","reason":"Rotation agent unresponsive during incident","token_ttl":"1h"}}
{"timestamp":"2025-11-15T16:45:01.000Z","action":"break_glass_token_issued","actor":"alice.smith","resource":"vault/*","backend":"vault","result":"success","metadata":{"incident_ticket":"INC-2025-047","token_display":"break-glass-INC-2025-047","token_ttl":"1h","auto_expires_at":"2025-11-15T17:45:01Z"}}
{"timestamp":"2025-11-15T16:46:00.000Z","action":"secret_read","actor":"alice.smith","resource":"pagos/providers/walletpro/api_key","backend":"vault","result":"success","metadata":{"trigger":"break_glass_investigation"}}
{"timestamp":"2025-11-15T17:02:00.000Z","action":"secret_write","actor":"alice.smith","resource":"pagos/providers/walletpro/api_key","backend":"vault","result":"success","metadata":{"trigger":"emergency_rotation","incident_ticket":"INC-2025-047"}}
{"timestamp":"2025-11-15T17:15:00.000Z","action":"rotation_started","actor":"rotation-agent","resource":"pagos/providers/walletpro","backend":"vault","result":"success","metadata":{"old_key_prefix":"wpro_g7h8...","path":"pagos/providers/walletpro/api_key"}},
{"timestamp":"2025-11-15T17:15:15.000Z","action":"rotation_complete","actor":"rotation-agent","resource":"pagos/providers/walletpro","backend":"vault","result":"success","metadata":{"new_key_prefix":"wpro_i9j0...","path":"pagos/providers/walletpro/api_key"}}
